<?xml version="1.0" encoding="UTF-8"?>
<!-- Generated by org.testng.reporters.JUnitReportReporter -->
<testsuite hostname="AHMgchandwani8MHTD6" failures="0" tests="1" name="testCases.WebSuite" time="2.703" errors="0" timestamp="25 Oct 2018 13:36:16 GMT" skipped="0">
  <testcase classname="testCases.WebSuite" name="SEARCH_NAME_TC" time="2.703"/>
</testsuite> <!-- testCases.WebSuite -->
