<?xml version="1.0" encoding="UTF-8"?>
<!-- Generated by org.testng.reporters.JUnitReportReporter -->
<testsuite hostname="AHMgchandwani8MHTD6" failures="0" tests="1" name="testCases.VerifyTitle" time="3.099" errors="0" timestamp="13 Aug 2018 06:13:47 GMT" skipped="0">
  <testcase classname="testCases.VerifyTitle" name="verifyBlogTitle" time="3.099"/>
</testsuite> <!-- testCases.VerifyTitle -->
